<?xml version="1.0" encoding="UTF-8"?>
<testng-results ignored="0" total="1" passed="1" failed="0" skipped="0">
  <reporter-output>
  </reporter-output>
  <suite started-at="2024-10-14T16:32:02 IST" name="Default suite" finished-at="2024-10-14T16:32:14 IST" duration-ms="11301">
    <groups>
    </groups>
    <test started-at="2024-10-14T16:32:02 IST" name="Default test" finished-at="2024-10-14T16:32:14 IST" duration-ms="11301">
      <class name="Runner.Runner_Script">
        <test-method is-config="true" signature="openApplication()[pri:0, instance:Runner.Runner_Script@57af006c]" started-at="2024-10-14T16:32:02 IST" name="openApplication" finished-at="2024-10-14T16:32:13 IST" duration-ms="10383" status="PASS">
          <reporter-output>
          </reporter-output>
        </test-method> <!-- openApplication -->
        <test-method signature="runnerScript()[pri:0, instance:Runner.Runner_Script@57af006c]" started-at="2024-10-14T16:32:13 IST" name="runnerScript" finished-at="2024-10-14T16:32:13 IST" duration-ms="554" status="PASS">
          <reporter-output>
          </reporter-output>
        </test-method> <!-- runnerScript -->
        <test-method is-config="true" signature="closeApplication()[pri:0, instance:Runner.Runner_Script@57af006c]" started-at="2024-10-14T16:32:13 IST" name="closeApplication" finished-at="2024-10-14T16:32:14 IST" duration-ms="309" status="PASS">
          <reporter-output>
          </reporter-output>
        </test-method> <!-- closeApplication -->
      </class> <!-- Runner.Runner_Script -->
    </test> <!-- Default test -->
  </suite> <!-- Default suite -->
</testng-results>
